1573826438 -- /index.php -- 
1573826441 -- /index.php?id=info -- http://php2/index.php
1573826443 -- /index.php -- http://php2/test/index.php
1573826450 -- /index.php -- http://php2/index.php
1573826451 -- /index.php?id=log -- http://php2/index.php
1574237396 -- /index.php -- 
1574237407 -- /index.php?id=gbook -- http://php2/index.php
1574237411 -- /index.php?id=gbook -- http://php2/index.php
1574238915 -- /index.php -- 
1574238918 -- /index.php?id=gbook -- http://php2/index.php
1574238958 -- /index.php?id=gbook -- http://php2/index.php?id=gbook
1574240474 -- /index.php -- 
1574240477 -- /index.php?id=gbook -- http://php2/index.php
1574240541 -- /index.php -- 
1574240557 -- /index.php?id=gbook -- http://php2/index.php
1574240634 -- /index.php -- 
1574240637 -- /index.php?id=gbook -- http://php2/index.php
1574240648 -- /index.php?id=gbook -- http://php2/index.php
1574240655 -- /index.php?id=gbook -- http://php2/index.php
1574240660 -- /index.php?id=gbook -- http://php2/index.php
1574240802 -- /index.php -- 
1574240806 -- /index.php?id=gbook -- http://php2/index.php
1574240920 -- /index.php?id=gbook -- http://php2/index.php?id=gbook
1574240926 -- /index.php?id=gbook -- http://php2/index.php?id=gbook
1574240965 -- /index.php -- 
1574240969 -- /index.php?id=gbook -- http://php2/index.php
1574240973 -- /index.php?id=gbook -- http://php2/index.php?id=gbook
1574240985 -- /index.php -- 
1574240987 -- /index.php?id=gbook -- http://php2/index.php
1574240991 -- /index.php?id=gbook -- http://php2/index.php?id=gbook
1574241007 -- /index.php?id=gbook -- http://php2/index.php?id=gbook
1574241017 -- /index.php?id=gbook -- http://php2/index.php
1574241019 -- /index.php?id=gbook -- http://php2/index.php?id=gbook
1574241027 -- /index.php?id=gbook -- http://php2/index.php?id=gbook
1574241033 -- /index.php?id=gbook -- http://php2/index.php?id=gbook
1574241049 -- /index.php -- 
1574241050 -- /index.php?id=gbook -- http://php2/index.php
1574241112 -- /index.php -- 
1574241116 -- /index.php?id=gbook -- http://php2/index.php
1574241120 -- /index.php?id=gbook -- http://php2/index.php?id=gbook
1574241130 -- /index.php?id=gbook -- http://php2/index.php
1574241134 -- /index.php?id=gbook -- http://php2/index.php
1574241135 -- /index.php?id=gbook -- http://php2/index.php
1574241136 -- /index.php?id=gbook -- http://php2/index.php
1574241174 -- /index.php?id=gbook -- http://php2/index.php
1574241177 -- /index.php?id=gbook -- http://php2/index.php?id=gbook
1574241182 -- /index.php?id=gbook -- http://php2/index.php?id=gbook
1574241940 -- /index.php -- 
1574241943 -- /index.php?id=gbook -- http://php2/index.php
1574241964 -- /index.php?id=gbook -- http://php2/index.php?id=gbook
1574241964 -- /index.php -- http://php2/index.php?id=gbook
1574241987 -- /index.php -- http://php2/index.php?id=gbook
1574242003 -- /index.php -- 
1574242009 -- /index.php?id=gbook -- http://php2/index.php
1574242018 -- /index.php?id=gbook -- http://php2/index.php?id=gbook
1574260490 -- /index.php -- 
1574260495 -- /index.php?id=gbook -- http://php2/index.php
1574260510 -- /index.php?id=gbook -- http://php2/index.php?id=gbook
1574261158 -- /index.php -- 
1574261161 -- /index.php?id=gbook -- http://php2/index.php
1574261357 -- /index.php -- 
1574261358 -- /index.php?id=gbook -- http://php2/index.php
1574261408 -- /index.php -- 
1574261410 -- /index.php?id=gbook -- http://php2/index.php
1574261661 -- /index.php -- 
1574261665 -- /index.php?id=gbook -- http://php2/index.php
1574262611 -- /index.php -- 
1574262613 -- /index.php?id=gbook -- http://php2/index.php
1574263332 -- /index.php -- 
1574263337 -- /index.php?id=gbook -- http://php2/index.php
1574263704 -- /index.php?id=gbook -- http://php2/index.php
1574263727 -- /index.php?id=gbook -- http://php2/index.php
1574263729 -- /index.php?id=gbook -- http://php2/index.php
1574263729 -- /index.php?id=gbook -- http://php2/index.php
1574263730 -- /index.php?id=gbook -- http://php2/index.php
1574263730 -- /index.php?id=gbook -- http://php2/index.php
1574263730 -- /index.php?id=gbook -- http://php2/index.php
1574263751 -- /index.php?id=gbook -- http://php2/index.php
1574263752 -- /index.php?id=gbook -- http://php2/index.php
1574263765 -- /index.php?id=gbook -- http://php2/index.php
1574263816 -- /index.php?id=gbook -- http://php2/index.php
1574263940 -- /index.php?id=gbook -- http://php2/index.php
1574263941 -- /index.php?id=gbook -- http://php2/index.php
1574263952 -- /index.php?id=gbook -- http://php2/index.php
1574263953 -- /index.php?id=gbook -- http://php2/index.php
1574264128 -- /index.php?id=gbook -- http://php2/index.php
1574264195 -- /index.php?id=gbook -- http://php2/index.php
1574264202 -- /index.php?id=gbook -- http://php2/index.php
1574264216 -- /index.php?id=gbook -- http://php2/index.php
1574264338 -- /index.php?id=gbook -- http://php2/index.php
1574264348 -- /index.php?id=gbook -- http://php2/index.php
1574264358 -- /index.php?id=gbook -- http://php2/index.php
1574264380 -- /index.php?id=gbook -- http://php2/index.php
1574264391 -- /index.php?id=gbook -- http://php2/index.php
1574264408 -- /index.php?id=gbook -- http://php2/index.php
1574264409 -- /index.php?id=gbook -- http://php2/index.php
1574264409 -- /index.php?id=gbook -- http://php2/index.php
1574264777 -- /index.php -- 
1574264781 -- /index.php?id=gbook -- http://php2/index.php
1574264798 -- /index.php?id=gbook$del=%3C$r[%27id%27]%3E -- http://php2/index.php?id=gbook
1574264801 -- /index.php?id=gbook -- http://php2/index.php?id=gbook$del=%3C$r[%27id%27]%3E
1574264806 -- /index.php?id=gbook$del=%3C$r[%27id%27]%3E -- http://php2/index.php?id=gbook
1574264807 -- /index.php?id=gbook -- http://php2/index.php?id=gbook$del=%3C$r[%27id%27]%3E
1574264863 -- /index.php?id=gbook$del=%3C$r[%27id%27]%3E -- http://php2/inc/gbook.inc.php
1574264866 -- /index.php?id=gbook -- http://php2/index.php?id=gbook$del=%3C$r[%27id%27]%3E
1574264899 -- /index.php?id=gbook -- http://php2/index.php?id=gbook$del=%3C$r[%27id%27]%3E
1574264902 -- /index.php?id=gbook&del=%3C$r[%27id%27]%3E -- http://php2/index.php?id=gbook
1574264906 -- /index.php?id=gbook&del=%3C$r[%27id%27]%3E -- http://php2/index.php?id=gbook&del=%3C$r[%27id%27]%3E
1574264956 -- /index.php -- 
1574264958 -- /index.php?id=gbook -- http://php2/index.php
1574264961 -- /index.php?id=gbook&del=%3C$r[%27id%27]%3E -- http://php2/index.php?id=gbook
1574265008 -- /index.php -- 
1574265012 -- /index.php?id=gbook -- http://php2/index.php
1574265016 -- /index.php?id=gbook&del=1 -- http://php2/index.php?id=gbook
1574265020 -- /index.php?id=gbook&del=1 -- http://php2/index.php?id=gbook
1574265024 -- /index.php?id=gbook&del=2 -- http://php2/index.php?id=gbook&del=1
1574265028 -- /index.php?id=gbook&del=3 -- http://php2/index.php?id=gbook&del=2
1574265638 -- /index.php -- 
1574265640 -- /index.php?id=gbook -- http://php2/index.php
1574267406 -- /index.php?id=gbook&del=4 -- http://php2/inc/gbook.inc.php
1574268420 -- /index.php?id=gbook&del=5 -- http://php2/inc/gbook.inc.php
1574268426 -- /index.php?id=gbook&del=7 -- http://php2/index.php?id=gbook&del=5
1574268428 -- /index.php?id=gbook&del=6 -- http://php2/index.php?id=gbook&del=7
1574270993 -- /index.php -- 
1574321077 -- /index.php -- 
1574321091 -- /index.php -- 
1574321108 -- /index.php -- 
1574321124 -- /index.php -- 
1574321138 -- /index.php -- 
1574321143 -- /index.php -- 
1574321145 -- /index.php -- 
1574321147 -- /index.php -- 
1574322003 -- /index.php -- 
1574322633 -- /index.php -- 
1574322651 -- /index.php -- 
1574324126 -- /index.php -- 
1574324130 -- /index.php?id=gbook -- http://php2/index.php
1581953892 -- /index.php -- 
1581955861 -- /index.php -- 
1581955866 -- /index.php -- 
1581955868 -- /index.php?id=log -- http://php2/index.php
1581955900 -- /index.php -- 
1581955903 -- /index.php?id=log -- http://php2/index.php
